1783842849.798844 client started (72237): version 3.7b, socket /private/tmp/tmux-501/default, protocol 8
1783842849.798879 on Darwin 25.5.0 Darwin Kernel Version 25.5.0: Tue Jun  9 22:28:34 PDT 2026; root:xnu-12377.121.10~1/RELEASE_ARM64_T6041
1783842849.798885 using libevent 2.1.13-stable select
1783842849.798904 using utf8proc 2.11.3
1783842849.798909 using ncurses 6.6 20251230
1783842849.798919 flags are 0x10010000
1783842849.798923 socket is /private/tmp/tmux-501/default
1783842849.798929 trying connect
1783842849.798951 add peer 0x1031b9860: 6 (0x0)
1783842849.800882 sending message 111 to peer 0x1031b9860 (8 bytes)
1783842849.800894 sending message 111 to peer 0x1031b9860 (8 bytes)
1783842849.800900 sending message 101 to peer 0x1031b9860 (14 bytes)
1783842849.800904 sending message 109 to peer 0x1031b9860 (4 bytes)
1783842849.800908 sending message 102 to peer 0x1031b9860 (13 bytes)
1783842849.800912 sending message 108 to peer 0x1031b9860 (59 bytes)
1783842849.800916 sending message 112 to peer 0x1031b9860 (70 bytes)
1783842849.800919 sending message 112 to peer 0x1031b9860 (5 bytes)
1783842849.800923 sending message 112 to peer 0x1031b9860 (5 bytes)
1783842849.800928 sending message 112 to peer 0x1031b9860 (6 bytes)
1783842849.800933 sending message 112 to peer 0x1031b9860 (6 bytes)
1783842849.800936 sending message 112 to peer 0x1031b9860 (11 bytes)
1783842849.800939 sending message 112 to peer 0x1031b9860 (10 bytes)
1783842849.800943 sending message 112 to peer 0x1031b9860 (13 bytes)
1783842849.800946 sending message 112 to peer 0x1031b9860 (13 bytes)
1783842849.800949 sending message 112 to peer 0x1031b9860 (18 bytes)
1783842849.800952 sending message 112 to peer 0x1031b9860 (11 bytes)
1783842849.800955 sending message 112 to peer 0x1031b9860 (10 bytes)
1783842849.800958 sending message 112 to peer 0x1031b9860 (15 bytes)
1783842849.800961 sending message 112 to peer 0x1031b9860 (21 bytes)
1783842849.800964 sending message 112 to peer 0x1031b9860 (13 bytes)
1783842849.800967 sending message 112 to peer 0x1031b9860 (7 bytes)
1783842849.800970 sending message 112 to peer 0x1031b9860 (13 bytes)
1783842849.800973 sending message 112 to peer 0x1031b9860 (7 bytes)
1783842849.800976 sending message 112 to peer 0x1031b9860 (13 bytes)
1783842849.800979 sending message 112 to peer 0x1031b9860 (9 bytes)
1783842849.800982 sending message 112 to peer 0x1031b9860 (21 bytes)
1783842849.800985 sending message 112 to peer 0x1031b9860 (13 bytes)
1783842849.800988 sending message 112 to peer 0x1031b9860 (8 bytes)
1783842849.800991 sending message 112 to peer 0x1031b9860 (12 bytes)
1783842849.800994 sending message 112 to peer 0x1031b9860 (13 bytes)
1783842849.800997 sending message 112 to peer 0x1031b9860 (9 bytes)
1783842849.801000 sending message 112 to peer 0x1031b9860 (9 bytes)
1783842849.801003 sending message 112 to peer 0x1031b9860 (12 bytes)
1783842849.801006 sending message 112 to peer 0x1031b9860 (8 bytes)
1783842849.801009 sending message 112 to peer 0x1031b9860 (7 bytes)
1783842849.801013 sending message 112 to peer 0x1031b9860 (7 bytes)
1783842849.801017 sending message 112 to peer 0x1031b9860 (9 bytes)
1783842849.801021 sending message 112 to peer 0x1031b9860 (13 bytes)
1783842849.801027 sending message 112 to peer 0x1031b9860 (6 bytes)
1783842849.801034 sending message 112 to peer 0x1031b9860 (9 bytes)
1783842849.801039 sending message 112 to peer 0x1031b9860 (13 bytes)
1783842849.801046 sending message 112 to peer 0x1031b9860 (12 bytes)
1783842849.801056 sending message 112 to peer 0x1031b9860 (8 bytes)
1783842849.801068 sending message 112 to peer 0x1031b9860 (9 bytes)
1783842849.801077 sending message 112 to peer 0x1031b9860 (10 bytes)
1783842849.801084 sending message 112 to peer 0x1031b9860 (10 bytes)
1783842849.801088 sending message 112 to peer 0x1031b9860 (10 bytes)
1783842849.801093 sending message 112 to peer 0x1031b9860 (10 bytes)
1783842849.801099 sending message 112 to peer 0x1031b9860 (11 bytes)
1783842849.801109 sending message 112 to peer 0x1031b9860 (10 bytes)
1783842849.801113 sending message 112 to peer 0x1031b9860 (8 bytes)
1783842849.801122 sending message 112 to peer 0x1031b9860 (11 bytes)
1783842849.801125 sending message 112 to peer 0x1031b9860 (11 bytes)
1783842849.801128 sending message 112 to peer 0x1031b9860 (11 bytes)
1783842849.801131 sending message 112 to peer 0x1031b9860 (8 bytes)
1783842849.801133 sending message 112 to peer 0x1031b9860 (8 bytes)
1783842849.801136 sending message 112 to peer 0x1031b9860 (8 bytes)
1783842849.801138 sending message 112 to peer 0x1031b9860 (10 bytes)
1783842849.801141 sending message 112 to peer 0x1031b9860 (10 bytes)
1783842849.801143 sending message 112 to peer 0x1031b9860 (10 bytes)
1783842849.801146 sending message 112 to peer 0x1031b9860 (10 bytes)
1783842849.801148 sending message 112 to peer 0x1031b9860 (10 bytes)
1783842849.801150 sending message 112 to peer 0x1031b9860 (11 bytes)
1783842849.801153 sending message 112 to peer 0x1031b9860 (11 bytes)
1783842849.801155 sending message 112 to peer 0x1031b9860 (10 bytes)
1783842849.801159 sending message 112 to peer 0x1031b9860 (9 bytes)
1783842849.801162 sending message 112 to peer 0x1031b9860 (9 bytes)
1783842849.801164 sending message 112 to peer 0x1031b9860 (12 bytes)
1783842849.801167 sending message 112 to peer 0x1031b9860 (9 bytes)
1783842849.801169 sending message 112 to peer 0x1031b9860 (6 bytes)
1783842849.801172 sending message 112 to peer 0x1031b9860 (8 bytes)
1783842849.801174 sending message 112 to peer 0x1031b9860 (15 bytes)
1783842849.801176 sending message 112 to peer 0x1031b9860 (13 bytes)
1783842849.801179 sending message 112 to peer 0x1031b9860 (9 bytes)
1783842849.801181 sending message 112 to peer 0x1031b9860 (70 bytes)
1783842849.801184 sending message 112 to peer 0x1031b9860 (69 bytes)
1783842849.801186 sending message 112 to peer 0x1031b9860 (10 bytes)
1783842849.801188 sending message 112 to peer 0x1031b9860 (10 bytes)
1783842849.801191 sending message 112 to peer 0x1031b9860 (8 bytes)
1783842849.801193 sending message 112 to peer 0x1031b9860 (15 bytes)
1783842849.801195 sending message 112 to peer 0x1031b9860 (13 bytes)
1783842849.801198 sending message 112 to peer 0x1031b9860 (10 bytes)
1783842849.801200 sending message 112 to peer 0x1031b9860 (10 bytes)
1783842849.801202 sending message 112 to peer 0x1031b9860 (13 bytes)
1783842849.801205 sending message 112 to peer 0x1031b9860 (9 bytes)
1783842849.801207 sending message 112 to peer 0x1031b9860 (5 bytes)
1783842849.801209 sending message 112 to peer 0x1031b9860 (5 bytes)
1783842849.801212 sending message 104 to peer 0x1031b9860 (0 bytes)
1783842849.801215 sending message 110 to peer 0x1031b9860 (0 bytes)
1783842849.801218 sending message 107 to peer 0x1031b9860 (4 bytes)
1783842849.801220 sending message 105 to peer 0x1031b9860 (15 bytes)
1783842849.801223 sending message 105 to peer 0x1031b9860 (20 bytes)
1783842849.801225 sending message 105 to peer 0x1031b9860 (22 bytes)
1783842849.801228 sending message 105 to peer 0x1031b9860 (242 bytes)
1783842849.801230 sending message 105 to peer 0x1031b9860 (31 bytes)
1783842849.801233 sending message 105 to peer 0x1031b9860 (37 bytes)
1783842849.801235 sending message 105 to peer 0x1031b9860 (30 bytes)
1783842849.801237 sending message 105 to peer 0x1031b9860 (34 bytes)
1783842849.801240 sending message 105 to peer 0x1031b9860 (60 bytes)
1783842849.801242 sending message 105 to peer 0x1031b9860 (22 bytes)
1783842849.801245 sending message 105 to peer 0x1031b9860 (61 bytes)
1783842849.801247 sending message 105 to peer 0x1031b9860 (17 bytes)
1783842849.801250 sending message 105 to peer 0x1031b9860 (19 bytes)
1783842849.801252 sending message 105 to peer 0x1031b9860 (27 bytes)
1783842849.801254 sending message 105 to peer 0x1031b9860 (27 bytes)
1783842849.801257 sending message 105 to peer 0x1031b9860 (66 bytes)
1783842849.801259 sending message 105 to peer 0x1031b9860 (18 bytes)
1783842849.801262 sending message 105 to peer 0x1031b9860 (449 bytes)
1783842849.801264 sending message 105 to peer 0x1031b9860 (63 bytes)
1783842849.801266 sending message 105 to peer 0x1031b9860 (15 bytes)
1783842849.801269 sending message 105 to peer 0x1031b9860 (8 bytes)
1783842849.801276 sending message 105 to peer 0x1031b9860 (62 bytes)
1783842849.801278 sending message 105 to peer 0x1031b9860 (19 bytes)
1783842849.801281 sending message 105 to peer 0x1031b9860 (86 bytes)
1783842849.801283 sending message 105 to peer 0x1031b9860 (43 bytes)
1783842849.801286 sending message 105 to peer 0x1031b9860 (18 bytes)
1783842849.801288 sending message 105 to peer 0x1031b9860 (26 bytes)
1783842849.801290 sending message 105 to peer 0x1031b9860 (60 bytes)
1783842849.801293 sending message 105 to peer 0x1031b9860 (57 bytes)
1783842849.801295 sending message 105 to peer 0x1031b9860 (43 bytes)
1783842849.801298 sending message 105 to peer 0x1031b9860 (13 bytes)
1783842849.801300 sending message 105 to peer 0x1031b9860 (24 bytes)
1783842849.801302 sending message 105 to peer 0x1031b9860 (14 bytes)
1783842849.801305 sending message 105 to peer 0x1031b9860 (19 bytes)
1783842849.801307 sending message 105 to peer 0x1031b9860 (43 bytes)
1783842849.801310 sending message 105 to peer 0x1031b9860 (32 bytes)
1783842849.801312 sending message 105 to peer 0x1031b9860 (15 bytes)
1783842849.801315 sending message 105 to peer 0x1031b9860 (426 bytes)
1783842849.801317 sending message 105 to peer 0x1031b9860 (24 bytes)
1783842849.801319 sending message 105 to peer 0x1031b9860 (23 bytes)
1783842849.801322 sending message 105 to peer 0x1031b9860 (47 bytes)
1783842849.801324 sending message 105 to peer 0x1031b9860 (286 bytes)
1783842849.801326 sending message 105 to peer 0x1031b9860 (23 bytes)
1783842849.801329 sending message 105 to peer 0x1031b9860 (47 bytes)
1783842849.801331 sending message 105 to peer 0x1031b9860 (14 bytes)
1783842849.801334 sending message 105 to peer 0x1031b9860 (19 bytes)
1783842849.801336 sending message 105 to peer 0x1031b9860 (38 bytes)
1783842849.801339 sending message 105 to peer 0x1031b9860 (12 bytes)
1783842849.801341 sending message 105 to peer 0x1031b9860 (12 bytes)
1783842849.801343 sending message 105 to peer 0x1031b9860 (50 bytes)
1783842849.801346 sending message 105 to peer 0x1031b9860 (25 bytes)
1783842849.801348 sending message 106 to peer 0x1031b9860 (0 bytes)
1783842849.801388 sending message 200 to peer 0x1031b9860 (4 bytes)
1783842849.801393 client loop enter
1783842849.801496 peer 0x1031b9860 message 303
1783842849.801503 open write file 2 -
1783842849.801511 sending message 305 to peer 0x1031b9860 (8 bytes)
1783842849.801519 write check file 2
1783842849.801534 peer 0x1031b9860 message 304
1783842849.801537 write 58 to file 2
1783842849.801541 peer 0x1031b9860 message 203
1783842849.801543 file 2 58 bytes left
1783842849.801552 write check file 2
1783842849.801555 client loop exit
